#-----------------------------------------------------------
# Vivado v2020.1 (64-bit)
# SW Build 2902540 on Wed May 27 19:54:49 MDT 2020
# IP Build 2902112 on Wed May 27 22:43:36 MDT 2020
# Start of session at: Fri Apr 19 13:03:52 2024
# Process ID: 11192
# Current directory: D:/vivado/Basys3-Joystick-Interfacing-main
# Command line: vivado.exe -gui_launcher_event rodinguilauncherevent14732 D:\vivado\Basys3-Joystick-Interfacing-main\test.xpr
# Log file: D:/vivado/Basys3-Joystick-Interfacing-main/vivado.log
# Journal file: D:/vivado/Basys3-Joystick-Interfacing-main\vivado.jou
#-----------------------------------------------------------
start_guioopen_project D:/vivado/Basys3-Joystick-Interfacing-main/test.xpr
INFO: [Project 1-313] Project file moved from 'D:/OneDrive - Habib University/HABIB/Semester-3/DLD/Labs/test' since last save.
Scanning sources...
Finished scanning sources
INFO: [IP_Flow 19-234] Refreshing IP repositories
INFO: [IP_Flow 19-1704] No user IP repositories specified
INFO: [IP_Flow 19-2313] Loaded Vivado IP repository 'C:/Xilinx/Vivado/2020.1/data/ip'.
WARNING: [IP_Flow 19-2162] IP 'xadc_wiz_0' is locked:
* IP definition 'XADC Wizard (3.0)' for IP 'xadc_wiz_0' (customized with software release 2015.1) has a newer minor version in the IP Catalog.oopen_project: Time (s): cpu = 00:00:28 ; elapsed = 00:00:14 . Memory (MB): peak = 1024.602 ; gain = 0.000uupdate_compile_order -fileset sources_1exit
INFO: [Common 17-206] Exiting Vivado at Fri Apr 19 13:06:01 2024...

